<?xml version="1.0" encoding="UTF-8"?>
<!-- Generated by org.testng.reporters.JUnitReportReporter -->
<testsuite hostname="LAPTOP-NKSJN1CU" failures="0" tests="1" name="org.tekarch.SalesForceTests.SFDCLoginTests" time="25.147" errors="0" timestamp="2023-02-16T21:03:54 PST" skipped="0">
  <testcase classname="org.tekarch.SalesForceTests.SFDCLoginTests" name="errorLoginEmptyPassword" time="25.147"/>
  <system-out/>
</testsuite> <!-- org.tekarch.SalesForceTests.SFDCLoginTests -->
