<?xml version="1.0" encoding="UTF-8"?>
<!-- Generated by org.testng.reporters.JUnitReportReporter -->
<testsuite hostname="LAPTOP-NKSJN1CU" failures="0" tests="1" name="com.tekarch.frameworkapi.tests.UpdateDataTest" time="3.462" errors="0" timestamp="2023-03-13T08:49:23 PDT" skipped="0">
  <testcase classname="com.tekarch.frameworkapi.tests.UpdateDataTest" name="updateUserData" time="3.462"/>
  <system-out/>
</testsuite> <!-- com.tekarch.frameworkapi.tests.UpdateDataTest -->
