<?xml version="1.0" encoding="UTF-8"?>
<!-- Generated by org.testng.reporters.JUnitReportReporter -->
<testsuite hostname="LAPTOP-NKSJN1CU" failures="0" tests="1" name="com.tekarch.frameworkapi.tests.GetDataTest" time="3.592" errors="0" timestamp="2023-03-13T14:32:19 PDT" skipped="0">
  <testcase classname="com.tekarch.frameworkapi.tests.GetDataTest" name="getUserData" time="3.592"/>
  <system-out/>
</testsuite> <!-- com.tekarch.frameworkapi.tests.GetDataTest -->
