<?xml version="1.0" encoding="UTF-8"?>
<!-- Generated by org.testng.reporters.JUnitReportReporter -->
<testsuite hostname="LAPTOP-NKSJN1CU" failures="0" tests="1" name="org.tekarch.SalesForceTests.LeadsTests" time="12.690" errors="0" timestamp="2023-02-17T16:25:39 PST" skipped="0">
  <testcase classname="org.tekarch.SalesForceTests.LeadsTests" name="todaysLeads" time="12.690"/>
  <system-out/>
</testsuite> <!-- org.tekarch.SalesForceTests.LeadsTests -->
