<?xml version="1.0" encoding="UTF-8"?>
<!-- Generated by org.testng.reporters.JUnitReportReporter -->
<testsuite hostname="LAPTOP-NKSJN1CU" failures="0" tests="5" name="org.tekarch.SalesForceTests.SFDCLoginTests" time="57.211" errors="0" timestamp="2023-02-19T23:26:59 PST" skipped="0">
  <testcase classname="org.tekarch.SalesForceTests.SFDCLoginTests" name="rememberUserNameCheck" time="14.975"/>
  <system-out/>
  <testcase classname="org.tekarch.SalesForceTests.SFDCLoginTests" name="errorLoginWrongInputs" time="6.509"/>
  <system-out/>
  <testcase classname="org.tekarch.SalesForceTests.SFDCLoginTests" name="errorLoginEmptyPassword" time="10.623"/>
  <system-out/>
  <testcase classname="org.tekarch.SalesForceTests.SFDCLoginTests" name="login" time="13.038"/>
  <system-out/>
  <testcase classname="org.tekarch.SalesForceTests.SFDCLoginTests" name="forgotPasswordCheck" time="12.066"/>
  <system-out/>
</testsuite> <!-- org.tekarch.SalesForceTests.SFDCLoginTests -->
