<?xml version="1.0" encoding="UTF-8"?>
<!-- Generated by org.testng.reporters.JUnitReportReporter -->
<testsuite hostname="LAPTOP-NKSJN1CU" failures="0" tests="1" name="org.tekarch.SalesForceTests.UserMenuDropdownTests" time="32.776" errors="0" timestamp="2023-02-16T21:59:34 PST" skipped="0">
  <testcase classname="org.tekarch.SalesForceTests.UserMenuDropdownTests" name="usermenuDropdown" time="32.776"/>
  <system-out/>
</testsuite> <!-- org.tekarch.SalesForceTests.UserMenuDropdownTests -->
