<?xml version="1.0" encoding="UTF-8"?>
<!-- Generated by org.testng.reporters.JUnitReportReporter -->
<testsuite hostname="LAPTOP-NKSJN1CU" failures="0" tests="5" name="org.tekarch.SalesForceTests.CreateOptyTests" time="84.798" errors="0" timestamp="2023-02-17T16:32:49 PST" skipped="0">
  <testcase classname="org.tekarch.SalesForceTests.CreateOptyTests" name="createNewOpty" time="20.619"/>
  <system-out/>
  <testcase classname="org.tekarch.SalesForceTests.CreateOptyTests" name="pipeLineReport" time="16.810"/>
  <system-out/>
  <testcase classname="org.tekarch.SalesForceTests.CreateOptyTests" name="stuckOportunitiesReport" time="15.815"/>
  <system-out/>
  <testcase classname="org.tekarch.SalesForceTests.CreateOptyTests" name="opportunities" time="14.583"/>
  <system-out/>
  <testcase classname="org.tekarch.SalesForceTests.CreateOptyTests" name="quarterelySummaryReport" time="16.971"/>
  <system-out/>
</testsuite> <!-- org.tekarch.SalesForceTests.CreateOptyTests -->
