<?xml version="1.0" encoding="UTF-8"?>
<!-- Generated by org.testng.reporters.JUnitReportReporter -->
<testsuite hostname="LAPTOP-NKSJN1CU" failures="0" tests="1" name="org.tekarch.SalesForceTests.RandomScenariosTests" time="27.074" errors="0" timestamp="2023-02-17T22:24:43 PST" skipped="0">
  <testcase classname="org.tekarch.SalesForceTests.RandomScenariosTests" name="eventBlockWeeklyRecurrence" time="27.074"/>
  <system-out/>
</testsuite> <!-- org.tekarch.SalesForceTests.RandomScenariosTests -->
