<?xml version="1.0" encoding="UTF-8"?>
<!-- Generated by org.testng.reporters.JUnitReportReporter -->
<testsuite hostname="LAPTOP-NKSJN1CU" failures="0" tests="1" name="com.tekarch.frameworkapi.tests.UpdateData" time="3.490" errors="0" timestamp="2023-03-12T23:45:21 PDT" skipped="0">
  <testcase classname="com.tekarch.frameworkapi.tests.UpdateData" name="updateUserData" time="3.490"/>
  <system-out/>
</testsuite> <!-- com.tekarch.frameworkapi.tests.UpdateData -->
