<?xml version="1.0" encoding="UTF-8"?>
<!-- Generated by org.testng.reporters.JUnitReportReporter -->
<testsuite hostname="LAPTOP-NKSJN1CU" failures="0" tests="1" name="com.tekarch.frameworkapi.tests.DeleteDataTest" time="3.238" errors="0" timestamp="2023-03-13T08:49:23 PDT" skipped="0">
  <testcase classname="com.tekarch.frameworkapi.tests.DeleteDataTest" name="deleteUserData" time="3.238"/>
  <system-out/>
</testsuite> <!-- com.tekarch.frameworkapi.tests.DeleteDataTest -->
