<?xml version="1.0" encoding="UTF-8"?>
<!-- Generated by org.testng.reporters.JUnitReportReporter -->
<testsuite hostname="LAPTOP-NKSJN1CU" failures="0" tests="1" name="com.tekarch.frameworkapi.tests.LoginTest" time="3.293" errors="0" timestamp="2023-03-12T23:10:11 PDT" skipped="0">
  <testcase classname="com.tekarch.frameworkapi.tests.LoginTest" name="logintoApi" time="3.293"/>
  <system-out/>
</testsuite> <!-- com.tekarch.frameworkapi.tests.LoginTest -->
